c:\users\ziz012\desktop\cse125-sp22-group5-main\eternal_ritual\game\game.dir\release\hittableobject.obj
c:\users\ziz012\desktop\cse125-sp22-group5-main\eternal_ritual\game\game.dir\release\thundershock.obj
c:\users\ziz012\desktop\cse125-sp22-group5-main\eternal_ritual\game\game.dir\release\thunder.obj
c:\users\ziz012\desktop\cse125-sp22-group5-main\eternal_ritual\game\game.dir\release\thousandblade.obj
c:\users\ziz012\desktop\cse125-sp22-group5-main\eternal_ritual\game\game.dir\release\storm.obj
c:\users\ziz012\desktop\cse125-sp22-group5-main\eternal_ritual\game\game.dir\release\stoneblast.obj
c:\users\ziz012\desktop\cse125-sp22-group5-main\eternal_ritual\game\game.dir\release\scatteredfire.obj
c:\users\ziz012\desktop\cse125-sp22-group5-main\eternal_ritual\game\game.dir\release\projectile.obj
c:\users\ziz012\desktop\cse125-sp22-group5-main\eternal_ritual\game\game.dir\release\lightningspear.obj
c:\users\ziz012\desktop\cse125-sp22-group5-main\eternal_ritual\game\game.dir\release\lightningphalanx.obj
c:\users\ziz012\desktop\cse125-sp22-group5-main\eternal_ritual\game\game.dir\release\groundsmash.obj
c:\users\ziz012\desktop\cse125-sp22-group5-main\eternal_ritual\game\game.dir\release\flame.obj
c:\users\ziz012\desktop\cse125-sp22-group5-main\eternal_ritual\game\game.dir\release\fireball.obj
c:\users\ziz012\desktop\cse125-sp22-group5-main\eternal_ritual\game\game.dir\release\dragonmagic.obj
c:\users\ziz012\desktop\cse125-sp22-group5-main\eternal_ritual\game\game.dir\release\circle.obj
c:\users\ziz012\desktop\cse125-sp22-group5-main\eternal_ritual\game\game.dir\release\basemagic.obj
c:\users\ziz012\desktop\cse125-sp22-group5-main\eternal_ritual\game\game.dir\release\hitbox.obj
c:\users\ziz012\desktop\cse125-sp22-group5-main\eternal_ritual\game\game.dir\release\hitcontroller.obj
c:\users\ziz012\desktop\cse125-sp22-group5-main\eternal_ritual\game\game.dir\release\charnode.obj
c:\users\ziz012\desktop\cse125-sp22-group5-main\eternal_ritual\game\game.dir\release\cameracontroller.obj
c:\users\ziz012\desktop\cse125-sp22-group5-main\eternal_ritual\game\game.dir\release\magicbutton.obj
c:\users\ziz012\desktop\cse125-sp22-group5-main\eternal_ritual\game\game.dir\release\inputboxnode.obj
c:\users\ziz012\desktop\cse125-sp22-group5-main\eternal_ritual\game\game.dir\release\hudnode.obj
c:\users\ziz012\desktop\cse125-sp22-group5-main\eternal_ritual\game\game.dir\release\hpbarnode.obj
c:\users\ziz012\desktop\cse125-sp22-group5-main\eternal_ritual\game\game.dir\release\buttonnode.obj
c:\users\ziz012\desktop\cse125-sp22-group5-main\eternal_ritual\game\game.dir\release\barnode.obj
c:\users\ziz012\desktop\cse125-sp22-group5-main\eternal_ritual\game\game.dir\release\mapsystemmanager.obj
c:\users\ziz012\desktop\cse125-sp22-group5-main\eternal_ritual\game\game.dir\release\mapboxobject.obj
c:\users\ziz012\desktop\cse125-sp22-group5-main\eternal_ritual\game\game.dir\release\importmaphelper.obj
c:\users\ziz012\desktop\cse125-sp22-group5-main\eternal_ritual\game\cmakefiles\generate.stamp
c:\users\ziz012\desktop\cse125-sp22-group5-main\eternal_ritual\game\release\game.lib
c:\users\ziz012\desktop\cse125-sp22-group5-main\eternal_ritual\game\game.dir\release\game.tlog\cl.command.1.tlog
c:\users\ziz012\desktop\cse125-sp22-group5-main\eternal_ritual\game\game.dir\release\game.tlog\cl.read.1.tlog
c:\users\ziz012\desktop\cse125-sp22-group5-main\eternal_ritual\game\game.dir\release\game.tlog\cl.write.1.tlog
c:\users\ziz012\desktop\cse125-sp22-group5-main\eternal_ritual\game\game.dir\release\game.tlog\custombuild.command.1.tlog
c:\users\ziz012\desktop\cse125-sp22-group5-main\eternal_ritual\game\game.dir\release\game.tlog\custombuild.read.1.tlog
c:\users\ziz012\desktop\cse125-sp22-group5-main\eternal_ritual\game\game.dir\release\game.tlog\custombuild.write.1.tlog
c:\users\ziz012\desktop\cse125-sp22-group5-main\eternal_ritual\game\game.dir\release\game.tlog\lib-link.read.1.tlog
c:\users\ziz012\desktop\cse125-sp22-group5-main\eternal_ritual\game\game.dir\release\game.tlog\lib-link.write.1.tlog
c:\users\ziz012\desktop\cse125-sp22-group5-main\eternal_ritual\game\game.dir\release\game.tlog\lib.command.1.tlog
