c:\users\ziz012\desktop\cse125-sp22-group5-main\eternal_ritual\kglengine\kglengine.dir\release\particle3dshader.obj
c:\users\ziz012\desktop\cse125-sp22-group5-main\eternal_ritual\kglengine\kglengine.dir\release\pbrshader.obj
c:\users\ziz012\desktop\cse125-sp22-group5-main\eternal_ritual\kglengine\kglengine.dir\release\image.obj
c:\users\ziz012\desktop\cse125-sp22-group5-main\eternal_ritual\kglengine\kglengine.dir\release\alphashader.obj
c:\users\ziz012\desktop\cse125-sp22-group5-main\eternal_ritual\kglengine\kglengine.dir\release\uinode.obj
c:\users\ziz012\desktop\cse125-sp22-group5-main\eternal_ritual\kglengine\kglengine.dir\release\textnode.obj
c:\users\ziz012\desktop\cse125-sp22-group5-main\eternal_ritual\kglengine\kglengine.dir\release\spritenode.obj
c:\users\ziz012\desktop\cse125-sp22-group5-main\eternal_ritual\kglengine\kglengine.dir\release\particlenode.obj
c:\users\ziz012\desktop\cse125-sp22-group5-main\eternal_ritual\kglengine\kglengine.dir\release\particle3dnode.obj
c:\users\ziz012\desktop\cse125-sp22-group5-main\eternal_ritual\kglengine\kglengine.dir\release\node.obj
c:\users\ziz012\desktop\cse125-sp22-group5-main\eternal_ritual\kglengine\kglengine.dir\release\lightnode.obj
c:\users\ziz012\desktop\cse125-sp22-group5-main\eternal_ritual\kglengine\kglengine.dir\release\cameranode.obj
c:\users\ziz012\desktop\cse125-sp22-group5-main\eternal_ritual\kglengine\kglengine.dir\release\unitcube.obj
c:\users\ziz012\desktop\cse125-sp22-group5-main\eternal_ritual\kglengine\kglengine.dir\release\textrenderer.obj
c:\users\ziz012\desktop\cse125-sp22-group5-main\eternal_ritual\kglengine\kglengine.dir\release\sprite.obj
c:\users\ziz012\desktop\cse125-sp22-group5-main\eternal_ritual\kglengine\kglengine.dir\release\skybox.obj
c:\users\ziz012\desktop\cse125-sp22-group5-main\eternal_ritual\kglengine\kglengine.dir\release\particlerenderer.obj
c:\users\ziz012\desktop\cse125-sp22-group5-main\eternal_ritual\kglengine\kglengine.dir\release\particle3drenderer.obj
c:\users\ziz012\desktop\cse125-sp22-group5-main\eternal_ritual\kglengine\kglengine.dir\release\geometry.obj
c:\users\ziz012\desktop\cse125-sp22-group5-main\eternal_ritual\kglengine\kglengine.dir\release\engine.obj
c:\users\ziz012\desktop\cse125-sp22-group5-main\eternal_ritual\kglengine\kglengine.dir\release\input.obj
c:\users\ziz012\desktop\cse125-sp22-group5-main\eternal_ritual\kglengine\kglengine.dir\release\fontlibrary.obj
c:\users\ziz012\desktop\cse125-sp22-group5-main\eternal_ritual\kglengine\kglengine.dir\release\font.obj
c:\users\ziz012\desktop\cse125-sp22-group5-main\eternal_ritual\kglengine\kglengine.dir\release\audiobuffer.obj
c:\users\ziz012\desktop\cse125-sp22-group5-main\eternal_ritual\kglengine\kglengine.dir\release\animation.obj
c:\users\ziz012\desktop\cse125-sp22-group5-main\eternal_ritual\kglengine\kglengine.dir\release\bone.obj
c:\users\ziz012\desktop\cse125-sp22-group5-main\eternal_ritual\kglengine\kglengine.dir\release\animator.obj
c:\users\ziz012\desktop\cse125-sp22-group5-main\eternal_ritual\kglengine\kglengine.dir\release\texture.obj
c:\users\ziz012\desktop\cse125-sp22-group5-main\eternal_ritual\kglengine\kglengine.dir\release\spriteshader.obj
c:\users\ziz012\desktop\cse125-sp22-group5-main\eternal_ritual\kglengine\kglengine.dir\release\shader.obj
c:\users\ziz012\desktop\cse125-sp22-group5-main\eternal_ritual\kglengine\kglengine.dir\release\particleshader.obj
c:\users\ziz012\desktop\cse125-sp22-group5-main\eternal_ritual\kglengine\cmakefiles\generate.stamp
c:\users\ziz012\desktop\cse125-sp22-group5-main\eternal_ritual\kglengine\release\kglengine.lib
c:\users\ziz012\desktop\cse125-sp22-group5-main\eternal_ritual\kglengine\kglengine.dir\release\kglengine.tlog\cl.command.1.tlog
c:\users\ziz012\desktop\cse125-sp22-group5-main\eternal_ritual\kglengine\kglengine.dir\release\kglengine.tlog\cl.read.1.tlog
c:\users\ziz012\desktop\cse125-sp22-group5-main\eternal_ritual\kglengine\kglengine.dir\release\kglengine.tlog\cl.write.1.tlog
c:\users\ziz012\desktop\cse125-sp22-group5-main\eternal_ritual\kglengine\kglengine.dir\release\kglengine.tlog\custombuild.command.1.tlog
c:\users\ziz012\desktop\cse125-sp22-group5-main\eternal_ritual\kglengine\kglengine.dir\release\kglengine.tlog\custombuild.read.1.tlog
c:\users\ziz012\desktop\cse125-sp22-group5-main\eternal_ritual\kglengine\kglengine.dir\release\kglengine.tlog\custombuild.write.1.tlog
c:\users\ziz012\desktop\cse125-sp22-group5-main\eternal_ritual\kglengine\kglengine.dir\release\kglengine.tlog\lib-link.read.1.tlog
c:\users\ziz012\desktop\cse125-sp22-group5-main\eternal_ritual\kglengine\kglengine.dir\release\kglengine.tlog\lib-link.write.1.tlog
c:\users\ziz012\desktop\cse125-sp22-group5-main\eternal_ritual\kglengine\kglengine.dir\release\kglengine.tlog\lib.command.1.tlog
